-------------------------------------------------------------------------------
Test set: com.cursoci.www.UsuarioWizardTest
-------------------------------------------------------------------------------
Tests run: 6, Failures: 6, Errors: 0, Skipped: 0, Time elapsed: 0.008 sec <<< FAILURE!
com.cursoci.www.UsuarioWizardTest.testOnFlowProcess()  Time elapsed: 0.004 sec  <<< FAILURE!
java.lang.Error: Unresolved compilation problem: 
	The method fail(String) is undefined for the type UsuarioWizardTest

	at com.cursoci.www.UsuarioWizardTest.testOnFlowProcess(UsuarioWizardTest.java:29)

com.cursoci.www.UsuarioWizardTest.testSetUser()  Time elapsed: 0 sec  <<< FAILURE!
java.lang.Error: Unresolved compilation problem: 
	The method fail(String) is undefined for the type UsuarioWizardTest

	at com.cursoci.www.UsuarioWizardTest.testSetUser(UsuarioWizardTest.java:13)

com.cursoci.www.UsuarioWizardTest.testSave()  Time elapsed: 0 sec  <<< FAILURE!
java.lang.Error: Unresolved compilation problem: 
	The method fail(String) is undefined for the type UsuarioWizardTest

	at com.cursoci.www.UsuarioWizardTest.testSave(UsuarioWizardTest.java:17)

com.cursoci.www.UsuarioWizardTest.testSetSkip()  Time elapsed: 0 sec  <<< FAILURE!
java.lang.Error: Unresolved compilation problem: 
	The method fail(String) is undefined for the type UsuarioWizardTest

	at com.cursoci.www.UsuarioWizardTest.testSetSkip(UsuarioWizardTest.java:25)

com.cursoci.www.UsuarioWizardTest.testIsSkip()  Time elapsed: 0 sec  <<< FAILURE!
java.lang.Error: Unresolved compilation problem: 
	The method fail(String) is undefined for the type UsuarioWizardTest

	at com.cursoci.www.UsuarioWizardTest.testIsSkip(UsuarioWizardTest.java:21)

com.cursoci.www.UsuarioWizardTest.testGetUser()  Time elapsed: 0 sec  <<< FAILURE!
java.lang.Error: Unresolved compilation problems: 
	Test cannot be resolved to a type
	The method fail(String) is undefined for the type UsuarioWizardTest

	at com.cursoci.www.UsuarioWizardTest.testGetUser(UsuarioWizardTest.java:7)

